2021-03-24 15:31:21,632 [INFO] from application in ForkJoinPool-1-worker-1 - Creating Pool for datasource 'default'
2021-03-24 15:31:21,897 [INFO] from play.api.db.DefaultDBApi in ForkJoinPool-1-worker-1 - Database [default] connected at jdbc:mysql://localhost:3306/CS7340TEAMONELABTHREE?autoReconnect=true&useSSL=false&useUnicode=true&useJDBCCompliantTimezoneShift=true&useLegacyDatetimeCode=false&serverTimezone=UTC
2021-03-24 15:31:22,967 [INFO] from play.api.Play in ForkJoinPool-1-worker-1 - Application started (Dev)
2021-03-24 15:35:26,435 [INFO] from application in application-akka.actor.default-dispatcher-4 - Shutting down connection pool.
2021-03-24 15:35:26,570 [INFO] from application in application-akka.actor.default-dispatcher-4 - Creating Pool for datasource 'default'
2021-03-24 15:35:26,581 [INFO] from play.api.db.DefaultDBApi in application-akka.actor.default-dispatcher-4 - Database [default] connected at jdbc:mysql://localhost:3306/CS7340TEAMONELABTHREE?autoReconnect=true&useSSL=false&useUnicode=true&useJDBCCompliantTimezoneShift=true&useLegacyDatetimeCode=false&serverTimezone=UTC
2021-03-24 15:35:26,679 [INFO] from play.api.Play in application-akka.actor.default-dispatcher-4 - Application started (Dev)
2021-03-24 16:09:17,410 [INFO] from application in application-akka.actor.default-dispatcher-24 - Shutting down connection pool.
2021-03-24 16:09:17,641 [INFO] from application in application-akka.actor.default-dispatcher-24 - Creating Pool for datasource 'default'
2021-03-24 16:09:17,655 [INFO] from play.api.db.DefaultDBApi in application-akka.actor.default-dispatcher-24 - Database [default] connected at jdbc:mysql://localhost:3306/CS7340TEAMONELABTHREE?autoReconnect=true&useSSL=false&useUnicode=true&useJDBCCompliantTimezoneShift=true&useLegacyDatetimeCode=false&serverTimezone=UTC
2021-03-24 16:09:17,769 [INFO] from play.api.Play in application-akka.actor.default-dispatcher-24 - Application started (Dev)
2021-03-24 16:14:27,986 [INFO] from application in application-akka.actor.default-dispatcher-2 - Shutting down connection pool.
2021-03-24 16:14:28,315 [INFO] from application in application-akka.actor.default-dispatcher-2 - Creating Pool for datasource 'default'
2021-03-24 16:14:28,325 [INFO] from play.api.db.DefaultDBApi in application-akka.actor.default-dispatcher-2 - Database [default] connected at jdbc:mysql://localhost:3306/CS7340TEAMONELABTHREE?autoReconnect=true&useSSL=false&useUnicode=true&useJDBCCompliantTimezoneShift=true&useLegacyDatetimeCode=false&serverTimezone=UTC
2021-03-24 16:14:28,414 [INFO] from play.api.Play in application-akka.actor.default-dispatcher-2 - Application started (Dev)
2021-03-24 16:22:58,573 [INFO] from application in application-akka.actor.default-dispatcher-2 - Shutting down connection pool.
2021-03-24 16:22:58,718 [INFO] from application in application-akka.actor.default-dispatcher-2 - Creating Pool for datasource 'default'
2021-03-24 16:22:58,737 [INFO] from play.api.db.DefaultDBApi in application-akka.actor.default-dispatcher-2 - Database [default] connected at jdbc:mysql://localhost:3306/CS7340TEAMONELABTHREE?autoReconnect=true&useSSL=false&useUnicode=true&useJDBCCompliantTimezoneShift=true&useLegacyDatetimeCode=false&serverTimezone=UTC
2021-03-24 16:22:58,862 [INFO] from play.api.Play in application-akka.actor.default-dispatcher-2 - Application started (Dev)
2021-03-24 16:27:10,029 [INFO] from application in application-akka.actor.default-dispatcher-12 - Shutting down connection pool.
2021-03-24 16:27:10,128 [INFO] from application in application-akka.actor.default-dispatcher-12 - Creating Pool for datasource 'default'
2021-03-24 16:27:10,142 [INFO] from play.api.db.DefaultDBApi in application-akka.actor.default-dispatcher-12 - Database [default] connected at jdbc:mysql://localhost:3306/CS7340TEAMONELABTHREE?autoReconnect=true&useSSL=false&useUnicode=true&useJDBCCompliantTimezoneShift=true&useLegacyDatetimeCode=false&serverTimezone=UTC
2021-03-24 16:27:10,231 [INFO] from play.api.Play in application-akka.actor.default-dispatcher-12 - Application started (Dev)
2021-03-24 16:28:16,743 [INFO] from application in application-akka.actor.default-dispatcher-4 - Shutting down connection pool.
2021-03-24 16:28:17,017 [INFO] from application in application-akka.actor.default-dispatcher-4 - Creating Pool for datasource 'default'
2021-03-24 16:28:17,028 [INFO] from play.api.db.DefaultDBApi in application-akka.actor.default-dispatcher-4 - Database [default] connected at jdbc:mysql://localhost:3306/CS7340TEAMONELABTHREE?autoReconnect=true&useSSL=false&useUnicode=true&useJDBCCompliantTimezoneShift=true&useLegacyDatetimeCode=false&serverTimezone=UTC
2021-03-24 16:28:17,108 [INFO] from play.api.Play in application-akka.actor.default-dispatcher-4 - Application started (Dev)
2021-03-24 16:28:38,624 [INFO] from application in application-akka.actor.default-dispatcher-3 - Shutting down connection pool.
2021-03-24 16:28:38,879 [INFO] from application in application-akka.actor.default-dispatcher-3 - Creating Pool for datasource 'default'
2021-03-24 16:28:38,890 [INFO] from play.api.db.DefaultDBApi in application-akka.actor.default-dispatcher-3 - Database [default] connected at jdbc:mysql://localhost:3306/CS7340TEAMONELABTHREE?autoReconnect=true&useSSL=false&useUnicode=true&useJDBCCompliantTimezoneShift=true&useLegacyDatetimeCode=false&serverTimezone=UTC
2021-03-24 16:28:38,999 [INFO] from play.api.Play in application-akka.actor.default-dispatcher-3 - Application started (Dev)
2021-03-24 16:29:02,755 [INFO] from application in application-akka.actor.default-dispatcher-3 - Shutting down connection pool.
2021-03-24 16:29:02,838 [INFO] from application in application-akka.actor.default-dispatcher-3 - Creating Pool for datasource 'default'
2021-03-24 16:29:02,847 [INFO] from play.api.db.DefaultDBApi in application-akka.actor.default-dispatcher-3 - Database [default] connected at jdbc:mysql://localhost:3306/CS7340TEAMONELABTHREE?autoReconnect=true&useSSL=false&useUnicode=true&useJDBCCompliantTimezoneShift=true&useLegacyDatetimeCode=false&serverTimezone=UTC
2021-03-24 16:29:02,947 [INFO] from play.api.Play in application-akka.actor.default-dispatcher-3 - Application started (Dev)
2021-03-24 16:30:33,125 [WARN] from com.zaxxer.hikari.pool.HikariPool in HikariPool-9 housekeeper - HikariPool-9 - Thread starvation or clock leap detected (housekeeper delta=1m166ms).
2021-03-24 16:33:22,311 [WARN] from com.zaxxer.hikari.pool.HikariPool in HikariPool-9 housekeeper - HikariPool-9 - Thread starvation or clock leap detected (housekeeper delta=2m49s194ms).
2021-03-24 16:37:02,338 [WARN] from com.zaxxer.hikari.pool.HikariPool in HikariPool-9 housekeeper - HikariPool-9 - Thread starvation or clock leap detected (housekeeper delta=2m10s29ms).
2021-03-24 16:55:00,816 [INFO] from application in application-akka.actor.default-dispatcher-13 - Shutting down connection pool.
