2021-03-23 12:49:53,465 [INFO] from play.api.http.EnabledFilters in play-dev-mode-akka.actor.default-dispatcher-6 - Enabled Filters (see <https://www.playframework.com/documentation/latest/Filters>):

    play.filters.csrf.CSRFFilter
    play.filters.headers.SecurityHeadersFilter
    play.filters.hosts.AllowedHostsFilter

2021-03-23 12:49:53,476 [INFO] from play.api.Play in play-dev-mode-akka.actor.default-dispatcher-6 - Application started (Dev) (no global state)
2021-03-23 12:49:53,716 [WARN] from play.api.mvc.DefaultJWTCookieDataCodec in application-akka.actor.default-dispatcher-3 - decode: could not decode JWT: null
java.lang.NullPointerException: null
	at play.api.mvc.JWTCookieDataCodec.$anonfun$decode$7(Cookie.scala:636)
	at scala.collection.MapLike$MappedValues.$anonfun$foreach$3(MapLike.scala:253)
	at scala.collection.TraversableLike$WithFilter.$anonfun$foreach$1(TraversableLike.scala:789)
	at scala.collection.Iterator.foreach(Iterator.scala:929)
	at scala.collection.Iterator.foreach$(Iterator.scala:929)
	at scala.collection.AbstractIterator.foreach(Iterator.scala:1417)
	at scala.collection.IterableLike.foreach(IterableLike.scala:71)
	at scala.collection.IterableLike.foreach$(IterableLike.scala:70)
	at scala.collection.AbstractIterable.foreach(Iterable.scala:54)
	at scala.collection.TraversableLike$WithFilter.foreach(TraversableLike.scala:788)
	at scala.collection.MapLike$MappedValues.foreach(MapLike.scala:253)
	at scala.collection.TraversableOnce.toMap(TraversableOnce.scala:316)
	at scala.collection.TraversableOnce.toMap$(TraversableOnce.scala:314)
	at scala.collection.AbstractTraversable.toMap(Traversable.scala:104)
	at play.api.mvc.JWTCookieDataCodec.decode(Cookie.scala:637)
	at play.api.mvc.JWTCookieDataCodec.decode$(Cookie.scala:624)
	at play.api.mvc.DefaultJWTCookieDataCodec.decode(Cookie.scala:813)
	at play.api.mvc.FallbackCookieDataCodec.decode(Cookie.scala:799)
	at play.api.mvc.FallbackCookieDataCodec.decode$(Cookie.scala:790)
	at play.api.mvc.DefaultSessionCookieBaker.decode(Session.scala:124)
	at play.api.mvc.CookieBaker.decodeFromCookie(Cookie.scala:467)
	at play.api.mvc.CookieBaker.decodeFromCookie$(Cookie.scala:461)
	at play.api.mvc.DefaultSessionCookieBaker.decodeFromCookie(Session.scala:124)
	at play.api.mvc.request.DefaultRequestFactory$$anon$3.create(RequestFactory.scala:122)
	at play.api.mvc.request.DefaultRequestFactory$$anon$3.create(RequestFactory.scala:119)
	at play.api.mvc.request.LazyCell.value(Cell.scala:69)
	at play.api.mvc.RequestHeader.session(RequestHeader.scala:236)
	at play.api.mvc.RequestHeader.session$(RequestHeader.scala:236)
	at play.api.mvc.RequestHeaderImpl.session(RequestHeader.scala:357)
	at play.filters.csrf.CSRFActionHelper.getTokenToValidate(CSRFActions.scala:429)
	at play.filters.csrf.CSRFActionHelper.tagRequestFromHeader(CSRFActions.scala:441)
	at play.filters.csrf.CSRFAction.apply(CSRFActions.scala:61)
	at play.filters.csrf.CSRFAction.apply(CSRFActions.scala:43)
	at play.core.server.AkkaHttpServer.$anonfun$runAction$1(AkkaHttpServer.scala:425)
	at scala.concurrent.Future$.$anonfun$apply$1(Future.scala:653)
	at scala.util.Success.$anonfun$map$1(Try.scala:251)
	at scala.util.Success.map(Try.scala:209)
	at scala.concurrent.Future.$anonfun$map$1(Future.scala:287)
	at scala.concurrent.impl.Promise.liftedTree1$1(Promise.scala:29)
	at scala.concurrent.impl.Promise.$anonfun$transform$1(Promise.scala:29)
	at scala.concurrent.impl.CallbackRunnable.run(Promise.scala:60)
	at akka.dispatch.BatchingExecutor$AbstractBatch.processBatch(BatchingExecutor.scala:55)
	at akka.dispatch.BatchingExecutor$BlockableBatch.$anonfun$run$1(BatchingExecutor.scala:92)
	at scala.runtime.java8.JFunction0$mcV$sp.apply(JFunction0$mcV$sp.java:12)
	at scala.concurrent.BlockContext$.withBlockContext(BlockContext.scala:81)
	at akka.dispatch.BatchingExecutor$BlockableBatch.run(BatchingExecutor.scala:92)
	at akka.dispatch.TaskInvocation.run(AbstractDispatcher.scala:41)
	at akka.dispatch.ForkJoinExecutorConfigurator$AkkaForkJoinTask.exec(ForkJoinExecutorConfigurator.scala:49)
	at akka.dispatch.forkjoin.ForkJoinTask.doExec(ForkJoinTask.java:260)
	at akka.dispatch.forkjoin.ForkJoinPool$WorkQueue.runTask(ForkJoinPool.java:1339)
	at akka.dispatch.forkjoin.ForkJoinPool.runWorker(ForkJoinPool.java:1979)
	at akka.dispatch.forkjoin.ForkJoinWorkerThread.run(ForkJoinWorkerThread.java:107)
2021-03-23 12:52:16,377 [INFO] from play.api.http.EnabledFilters in play-dev-mode-akka.actor.default-dispatcher-7 - Enabled Filters (see <https://www.playframework.com/documentation/latest/Filters>):

    play.filters.csrf.CSRFFilter
    play.filters.headers.SecurityHeadersFilter
    play.filters.hosts.AllowedHostsFilter

2021-03-23 12:52:16,380 [INFO] from play.api.Play in play-dev-mode-akka.actor.default-dispatcher-7 - Application started (Dev) (no global state)
2021-03-23 12:52:16,395 [WARN] from play.api.mvc.DefaultJWTCookieDataCodec in application-akka.actor.default-dispatcher-3 - decode: could not decode JWT: null
java.lang.NullPointerException: null
	at play.api.mvc.JWTCookieDataCodec.$anonfun$decode$7(Cookie.scala:636)
	at scala.collection.MapLike$MappedValues.$anonfun$foreach$3(MapLike.scala:253)
	at scala.collection.TraversableLike$WithFilter.$anonfun$foreach$1(TraversableLike.scala:789)
	at scala.collection.Iterator.foreach(Iterator.scala:929)
	at scala.collection.Iterator.foreach$(Iterator.scala:929)
	at scala.collection.AbstractIterator.foreach(Iterator.scala:1417)
	at scala.collection.IterableLike.foreach(IterableLike.scala:71)
	at scala.collection.IterableLike.foreach$(IterableLike.scala:70)
	at scala.collection.AbstractIterable.foreach(Iterable.scala:54)
	at scala.collection.TraversableLike$WithFilter.foreach(TraversableLike.scala:788)
	at scala.collection.MapLike$MappedValues.foreach(MapLike.scala:253)
	at scala.collection.TraversableOnce.toMap(TraversableOnce.scala:316)
	at scala.collection.TraversableOnce.toMap$(TraversableOnce.scala:314)
	at scala.collection.AbstractTraversable.toMap(Traversable.scala:104)
	at play.api.mvc.JWTCookieDataCodec.decode(Cookie.scala:637)
	at play.api.mvc.JWTCookieDataCodec.decode$(Cookie.scala:624)
	at play.api.mvc.DefaultJWTCookieDataCodec.decode(Cookie.scala:813)
	at play.api.mvc.FallbackCookieDataCodec.decode(Cookie.scala:799)
	at play.api.mvc.FallbackCookieDataCodec.decode$(Cookie.scala:790)
	at play.api.mvc.DefaultSessionCookieBaker.decode(Session.scala:124)
	at play.api.mvc.CookieBaker.decodeFromCookie(Cookie.scala:467)
	at play.api.mvc.CookieBaker.decodeFromCookie$(Cookie.scala:461)
	at play.api.mvc.DefaultSessionCookieBaker.decodeFromCookie(Session.scala:124)
	at play.api.mvc.request.DefaultRequestFactory$$anon$3.create(RequestFactory.scala:122)
	at play.api.mvc.request.DefaultRequestFactory$$anon$3.create(RequestFactory.scala:119)
	at play.api.mvc.request.LazyCell.value(Cell.scala:69)
	at play.api.mvc.RequestHeader.session(RequestHeader.scala:236)
	at play.api.mvc.RequestHeader.session$(RequestHeader.scala:236)
	at play.api.mvc.RequestHeaderImpl.session(RequestHeader.scala:357)
	at play.filters.csrf.CSRFActionHelper.getTokenToValidate(CSRFActions.scala:429)
	at play.filters.csrf.CSRFActionHelper.tagRequestFromHeader(CSRFActions.scala:441)
	at play.filters.csrf.CSRFAction.apply(CSRFActions.scala:61)
	at play.filters.csrf.CSRFAction.apply(CSRFActions.scala:43)
	at play.core.server.AkkaHttpServer.$anonfun$runAction$1(AkkaHttpServer.scala:425)
	at scala.concurrent.Future$.$anonfun$apply$1(Future.scala:653)
	at scala.util.Success.$anonfun$map$1(Try.scala:251)
	at scala.util.Success.map(Try.scala:209)
	at scala.concurrent.Future.$anonfun$map$1(Future.scala:287)
	at scala.concurrent.impl.Promise.liftedTree1$1(Promise.scala:29)
	at scala.concurrent.impl.Promise.$anonfun$transform$1(Promise.scala:29)
	at scala.concurrent.impl.CallbackRunnable.run(Promise.scala:60)
	at akka.dispatch.BatchingExecutor$AbstractBatch.processBatch(BatchingExecutor.scala:55)
	at akka.dispatch.BatchingExecutor$BlockableBatch.$anonfun$run$1(BatchingExecutor.scala:92)
	at scala.runtime.java8.JFunction0$mcV$sp.apply(JFunction0$mcV$sp.java:12)
	at scala.concurrent.BlockContext$.withBlockContext(BlockContext.scala:81)
	at akka.dispatch.BatchingExecutor$BlockableBatch.run(BatchingExecutor.scala:92)
	at akka.dispatch.TaskInvocation.run(AbstractDispatcher.scala:41)
	at akka.dispatch.ForkJoinExecutorConfigurator$AkkaForkJoinTask.exec(ForkJoinExecutorConfigurator.scala:49)
	at akka.dispatch.forkjoin.ForkJoinTask.doExec(ForkJoinTask.java:260)
	at akka.dispatch.forkjoin.ForkJoinPool$WorkQueue.runTask(ForkJoinPool.java:1339)
	at akka.dispatch.forkjoin.ForkJoinPool.runWorker(ForkJoinPool.java:1979)
	at akka.dispatch.forkjoin.ForkJoinWorkerThread.run(ForkJoinWorkerThread.java:107)
2021-03-23 13:04:45,875 [INFO] from play.api.http.EnabledFilters in play-dev-mode-akka.actor.default-dispatcher-12 - Enabled Filters (see <https://www.playframework.com/documentation/latest/Filters>):

    play.filters.csrf.CSRFFilter
    play.filters.headers.SecurityHeadersFilter
    play.filters.hosts.AllowedHostsFilter

2021-03-23 13:04:45,877 [INFO] from play.api.Play in play-dev-mode-akka.actor.default-dispatcher-12 - Application started (Dev) (no global state)
2021-03-23 13:04:45,892 [WARN] from play.api.mvc.DefaultJWTCookieDataCodec in application-akka.actor.default-dispatcher-4 - decode: could not decode JWT: null
java.lang.NullPointerException: null
	at play.api.mvc.JWTCookieDataCodec.$anonfun$decode$7(Cookie.scala:636)
	at scala.collection.MapLike$MappedValues.$anonfun$foreach$3(MapLike.scala:253)
	at scala.collection.TraversableLike$WithFilter.$anonfun$foreach$1(TraversableLike.scala:789)
	at scala.collection.Iterator.foreach(Iterator.scala:929)
	at scala.collection.Iterator.foreach$(Iterator.scala:929)
	at scala.collection.AbstractIterator.foreach(Iterator.scala:1417)
	at scala.collection.IterableLike.foreach(IterableLike.scala:71)
	at scala.collection.IterableLike.foreach$(IterableLike.scala:70)
	at scala.collection.AbstractIterable.foreach(Iterable.scala:54)
	at scala.collection.TraversableLike$WithFilter.foreach(TraversableLike.scala:788)
	at scala.collection.MapLike$MappedValues.foreach(MapLike.scala:253)
	at scala.collection.TraversableOnce.toMap(TraversableOnce.scala:316)
	at scala.collection.TraversableOnce.toMap$(TraversableOnce.scala:314)
	at scala.collection.AbstractTraversable.toMap(Traversable.scala:104)
	at play.api.mvc.JWTCookieDataCodec.decode(Cookie.scala:637)
	at play.api.mvc.JWTCookieDataCodec.decode$(Cookie.scala:624)
	at play.api.mvc.DefaultJWTCookieDataCodec.decode(Cookie.scala:813)
	at play.api.mvc.FallbackCookieDataCodec.decode(Cookie.scala:799)
	at play.api.mvc.FallbackCookieDataCodec.decode$(Cookie.scala:790)
	at play.api.mvc.DefaultSessionCookieBaker.decode(Session.scala:124)
	at play.api.mvc.CookieBaker.decodeFromCookie(Cookie.scala:467)
	at play.api.mvc.CookieBaker.decodeFromCookie$(Cookie.scala:461)
	at play.api.mvc.DefaultSessionCookieBaker.decodeFromCookie(Session.scala:124)
	at play.api.mvc.request.DefaultRequestFactory$$anon$3.create(RequestFactory.scala:122)
	at play.api.mvc.request.DefaultRequestFactory$$anon$3.create(RequestFactory.scala:119)
	at play.api.mvc.request.LazyCell.value(Cell.scala:69)
	at play.api.mvc.RequestHeader.session(RequestHeader.scala:236)
	at play.api.mvc.RequestHeader.session$(RequestHeader.scala:236)
	at play.api.mvc.RequestHeaderImpl.session(RequestHeader.scala:357)
	at play.filters.csrf.CSRFActionHelper.getTokenToValidate(CSRFActions.scala:429)
	at play.filters.csrf.CSRFActionHelper.tagRequestFromHeader(CSRFActions.scala:441)
	at play.filters.csrf.CSRFAction.apply(CSRFActions.scala:61)
	at play.filters.csrf.CSRFAction.apply(CSRFActions.scala:43)
	at play.core.server.AkkaHttpServer.$anonfun$runAction$1(AkkaHttpServer.scala:425)
	at scala.concurrent.Future$.$anonfun$apply$1(Future.scala:653)
	at scala.util.Success.$anonfun$map$1(Try.scala:251)
	at scala.util.Success.map(Try.scala:209)
	at scala.concurrent.Future.$anonfun$map$1(Future.scala:287)
	at scala.concurrent.impl.Promise.liftedTree1$1(Promise.scala:29)
	at scala.concurrent.impl.Promise.$anonfun$transform$1(Promise.scala:29)
	at scala.concurrent.impl.CallbackRunnable.run(Promise.scala:60)
	at akka.dispatch.BatchingExecutor$AbstractBatch.processBatch(BatchingExecutor.scala:55)
	at akka.dispatch.BatchingExecutor$BlockableBatch.$anonfun$run$1(BatchingExecutor.scala:92)
	at scala.runtime.java8.JFunction0$mcV$sp.apply(JFunction0$mcV$sp.java:12)
	at scala.concurrent.BlockContext$.withBlockContext(BlockContext.scala:81)
	at akka.dispatch.BatchingExecutor$BlockableBatch.run(BatchingExecutor.scala:92)
	at akka.dispatch.TaskInvocation.run(AbstractDispatcher.scala:41)
	at akka.dispatch.ForkJoinExecutorConfigurator$AkkaForkJoinTask.exec(ForkJoinExecutorConfigurator.scala:49)
	at akka.dispatch.forkjoin.ForkJoinTask.doExec(ForkJoinTask.java:260)
	at akka.dispatch.forkjoin.ForkJoinPool$WorkQueue.runTask(ForkJoinPool.java:1339)
	at akka.dispatch.forkjoin.ForkJoinPool.runWorker(ForkJoinPool.java:1979)
	at akka.dispatch.forkjoin.ForkJoinWorkerThread.run(ForkJoinWorkerThread.java:107)
2021-03-23 13:05:52,304 [INFO] from play.api.http.EnabledFilters in play-dev-mode-akka.actor.default-dispatcher-8 - Enabled Filters (see <https://www.playframework.com/documentation/latest/Filters>):

    play.filters.csrf.CSRFFilter
    play.filters.headers.SecurityHeadersFilter
    play.filters.hosts.AllowedHostsFilter

2021-03-23 13:05:52,305 [INFO] from play.api.Play in play-dev-mode-akka.actor.default-dispatcher-8 - Application started (Dev) (no global state)
2021-03-23 13:05:52,315 [WARN] from play.api.mvc.DefaultJWTCookieDataCodec in application-akka.actor.default-dispatcher-3 - decode: could not decode JWT: null
java.lang.NullPointerException: null
	at play.api.mvc.JWTCookieDataCodec.$anonfun$decode$7(Cookie.scala:636)
	at scala.collection.MapLike$MappedValues.$anonfun$foreach$3(MapLike.scala:253)
	at scala.collection.TraversableLike$WithFilter.$anonfun$foreach$1(TraversableLike.scala:789)
	at scala.collection.Iterator.foreach(Iterator.scala:929)
	at scala.collection.Iterator.foreach$(Iterator.scala:929)
	at scala.collection.AbstractIterator.foreach(Iterator.scala:1417)
	at scala.collection.IterableLike.foreach(IterableLike.scala:71)
	at scala.collection.IterableLike.foreach$(IterableLike.scala:70)
	at scala.collection.AbstractIterable.foreach(Iterable.scala:54)
	at scala.collection.TraversableLike$WithFilter.foreach(TraversableLike.scala:788)
	at scala.collection.MapLike$MappedValues.foreach(MapLike.scala:253)
	at scala.collection.TraversableOnce.toMap(TraversableOnce.scala:316)
	at scala.collection.TraversableOnce.toMap$(TraversableOnce.scala:314)
	at scala.collection.AbstractTraversable.toMap(Traversable.scala:104)
	at play.api.mvc.JWTCookieDataCodec.decode(Cookie.scala:637)
	at play.api.mvc.JWTCookieDataCodec.decode$(Cookie.scala:624)
	at play.api.mvc.DefaultJWTCookieDataCodec.decode(Cookie.scala:813)
	at play.api.mvc.FallbackCookieDataCodec.decode(Cookie.scala:799)
	at play.api.mvc.FallbackCookieDataCodec.decode$(Cookie.scala:790)
	at play.api.mvc.DefaultSessionCookieBaker.decode(Session.scala:124)
	at play.api.mvc.CookieBaker.decodeFromCookie(Cookie.scala:467)
	at play.api.mvc.CookieBaker.decodeFromCookie$(Cookie.scala:461)
	at play.api.mvc.DefaultSessionCookieBaker.decodeFromCookie(Session.scala:124)
	at play.api.mvc.request.DefaultRequestFactory$$anon$3.create(RequestFactory.scala:122)
	at play.api.mvc.request.DefaultRequestFactory$$anon$3.create(RequestFactory.scala:119)
	at play.api.mvc.request.LazyCell.value(Cell.scala:69)
	at play.api.mvc.RequestHeader.session(RequestHeader.scala:236)
	at play.api.mvc.RequestHeader.session$(RequestHeader.scala:236)
	at play.api.mvc.RequestHeaderImpl.session(RequestHeader.scala:357)
	at play.filters.csrf.CSRFActionHelper.getTokenToValidate(CSRFActions.scala:429)
	at play.filters.csrf.CSRFActionHelper.tagRequestFromHeader(CSRFActions.scala:441)
	at play.filters.csrf.CSRFAction.apply(CSRFActions.scala:61)
	at play.filters.csrf.CSRFAction.apply(CSRFActions.scala:43)
	at play.core.server.AkkaHttpServer.$anonfun$runAction$1(AkkaHttpServer.scala:425)
	at scala.concurrent.Future$.$anonfun$apply$1(Future.scala:653)
	at scala.util.Success.$anonfun$map$1(Try.scala:251)
	at scala.util.Success.map(Try.scala:209)
	at scala.concurrent.Future.$anonfun$map$1(Future.scala:287)
	at scala.concurrent.impl.Promise.liftedTree1$1(Promise.scala:29)
	at scala.concurrent.impl.Promise.$anonfun$transform$1(Promise.scala:29)
	at scala.concurrent.impl.CallbackRunnable.run(Promise.scala:60)
	at akka.dispatch.BatchingExecutor$AbstractBatch.processBatch(BatchingExecutor.scala:55)
	at akka.dispatch.BatchingExecutor$BlockableBatch.$anonfun$run$1(BatchingExecutor.scala:92)
	at scala.runtime.java8.JFunction0$mcV$sp.apply(JFunction0$mcV$sp.java:12)
	at scala.concurrent.BlockContext$.withBlockContext(BlockContext.scala:81)
	at akka.dispatch.BatchingExecutor$BlockableBatch.run(BatchingExecutor.scala:92)
	at akka.dispatch.TaskInvocation.run(AbstractDispatcher.scala:41)
	at akka.dispatch.ForkJoinExecutorConfigurator$AkkaForkJoinTask.exec(ForkJoinExecutorConfigurator.scala:49)
	at akka.dispatch.forkjoin.ForkJoinTask.doExec(ForkJoinTask.java:260)
	at akka.dispatch.forkjoin.ForkJoinPool$WorkQueue.runTask(ForkJoinPool.java:1339)
	at akka.dispatch.forkjoin.ForkJoinPool.runWorker(ForkJoinPool.java:1979)
	at akka.dispatch.forkjoin.ForkJoinWorkerThread.run(ForkJoinWorkerThread.java:107)
2021-03-23 13:05:55,264 [WARN] from play.api.mvc.DefaultJWTCookieDataCodec in application-akka.actor.default-dispatcher-3 - decode: could not decode JWT: null
java.lang.NullPointerException: null
	at play.api.mvc.JWTCookieDataCodec.$anonfun$decode$7(Cookie.scala:636)
	at scala.collection.MapLike$MappedValues.$anonfun$foreach$3(MapLike.scala:253)
	at scala.collection.TraversableLike$WithFilter.$anonfun$foreach$1(TraversableLike.scala:789)
	at scala.collection.Iterator.foreach(Iterator.scala:929)
	at scala.collection.Iterator.foreach$(Iterator.scala:929)
	at scala.collection.AbstractIterator.foreach(Iterator.scala:1417)
	at scala.collection.IterableLike.foreach(IterableLike.scala:71)
	at scala.collection.IterableLike.foreach$(IterableLike.scala:70)
	at scala.collection.AbstractIterable.foreach(Iterable.scala:54)
	at scala.collection.TraversableLike$WithFilter.foreach(TraversableLike.scala:788)
	at scala.collection.MapLike$MappedValues.foreach(MapLike.scala:253)
	at scala.collection.TraversableOnce.toMap(TraversableOnce.scala:316)
	at scala.collection.TraversableOnce.toMap$(TraversableOnce.scala:314)
	at scala.collection.AbstractTraversable.toMap(Traversable.scala:104)
	at play.api.mvc.JWTCookieDataCodec.decode(Cookie.scala:637)
	at play.api.mvc.JWTCookieDataCodec.decode$(Cookie.scala:624)
	at play.api.mvc.DefaultJWTCookieDataCodec.decode(Cookie.scala:813)
	at play.api.mvc.FallbackCookieDataCodec.decode(Cookie.scala:799)
	at play.api.mvc.FallbackCookieDataCodec.decode$(Cookie.scala:790)
	at play.api.mvc.DefaultSessionCookieBaker.decode(Session.scala:124)
	at play.api.mvc.CookieBaker.decodeFromCookie(Cookie.scala:467)
	at play.api.mvc.CookieBaker.decodeFromCookie$(Cookie.scala:461)
	at play.api.mvc.DefaultSessionCookieBaker.decodeFromCookie(Session.scala:124)
	at play.api.mvc.request.DefaultRequestFactory$$anon$3.create(RequestFactory.scala:122)
	at play.api.mvc.request.DefaultRequestFactory$$anon$3.create(RequestFactory.scala:119)
	at play.api.mvc.request.LazyCell.value(Cell.scala:69)
	at play.api.mvc.RequestHeader.session(RequestHeader.scala:236)
	at play.api.mvc.RequestHeader.session$(RequestHeader.scala:236)
	at play.api.mvc.RequestHeaderImpl.session(RequestHeader.scala:357)
	at play.filters.csrf.CSRFActionHelper.getTokenToValidate(CSRFActions.scala:429)
	at play.filters.csrf.CSRFActionHelper.tagRequestFromHeader(CSRFActions.scala:441)
	at play.filters.csrf.CSRFAction.apply(CSRFActions.scala:61)
	at play.filters.csrf.CSRFAction.apply(CSRFActions.scala:43)
	at play.core.server.AkkaHttpServer.$anonfun$runAction$1(AkkaHttpServer.scala:425)
	at scala.concurrent.Future$.$anonfun$apply$1(Future.scala:653)
	at scala.util.Success.$anonfun$map$1(Try.scala:251)
	at scala.util.Success.map(Try.scala:209)
	at scala.concurrent.Future.$anonfun$map$1(Future.scala:287)
	at scala.concurrent.impl.Promise.liftedTree1$1(Promise.scala:29)
	at scala.concurrent.impl.Promise.$anonfun$transform$1(Promise.scala:29)
	at scala.concurrent.impl.CallbackRunnable.run(Promise.scala:60)
	at akka.dispatch.BatchingExecutor$AbstractBatch.processBatch(BatchingExecutor.scala:55)
	at akka.dispatch.BatchingExecutor$BlockableBatch.$anonfun$run$1(BatchingExecutor.scala:92)
	at scala.runtime.java8.JFunction0$mcV$sp.apply(JFunction0$mcV$sp.java:12)
	at scala.concurrent.BlockContext$.withBlockContext(BlockContext.scala:81)
	at akka.dispatch.BatchingExecutor$BlockableBatch.run(BatchingExecutor.scala:92)
	at akka.dispatch.TaskInvocation.run(AbstractDispatcher.scala:41)
	at akka.dispatch.ForkJoinExecutorConfigurator$AkkaForkJoinTask.exec(ForkJoinExecutorConfigurator.scala:49)
	at akka.dispatch.forkjoin.ForkJoinTask.doExec(ForkJoinTask.java:260)
	at akka.dispatch.forkjoin.ForkJoinPool$WorkQueue.runTask(ForkJoinPool.java:1339)
	at akka.dispatch.forkjoin.ForkJoinPool.runWorker(ForkJoinPool.java:1979)
	at akka.dispatch.forkjoin.ForkJoinWorkerThread.run(ForkJoinWorkerThread.java:107)
2021-03-23 13:05:59,245 [WARN] from play.api.mvc.DefaultJWTCookieDataCodec in application-akka.actor.default-dispatcher-3 - decode: could not decode JWT: null
java.lang.NullPointerException: null
	at play.api.mvc.JWTCookieDataCodec.$anonfun$decode$7(Cookie.scala:636)
	at scala.collection.MapLike$MappedValues.$anonfun$foreach$3(MapLike.scala:253)
	at scala.collection.TraversableLike$WithFilter.$anonfun$foreach$1(TraversableLike.scala:789)
	at scala.collection.Iterator.foreach(Iterator.scala:929)
	at scala.collection.Iterator.foreach$(Iterator.scala:929)
	at scala.collection.AbstractIterator.foreach(Iterator.scala:1417)
	at scala.collection.IterableLike.foreach(IterableLike.scala:71)
	at scala.collection.IterableLike.foreach$(IterableLike.scala:70)
	at scala.collection.AbstractIterable.foreach(Iterable.scala:54)
	at scala.collection.TraversableLike$WithFilter.foreach(TraversableLike.scala:788)
	at scala.collection.MapLike$MappedValues.foreach(MapLike.scala:253)
	at scala.collection.TraversableOnce.toMap(TraversableOnce.scala:316)
	at scala.collection.TraversableOnce.toMap$(TraversableOnce.scala:314)
	at scala.collection.AbstractTraversable.toMap(Traversable.scala:104)
	at play.api.mvc.JWTCookieDataCodec.decode(Cookie.scala:637)
	at play.api.mvc.JWTCookieDataCodec.decode$(Cookie.scala:624)
	at play.api.mvc.DefaultJWTCookieDataCodec.decode(Cookie.scala:813)
	at play.api.mvc.FallbackCookieDataCodec.decode(Cookie.scala:799)
	at play.api.mvc.FallbackCookieDataCodec.decode$(Cookie.scala:790)
	at play.api.mvc.DefaultSessionCookieBaker.decode(Session.scala:124)
	at play.api.mvc.CookieBaker.decodeFromCookie(Cookie.scala:467)
	at play.api.mvc.CookieBaker.decodeFromCookie$(Cookie.scala:461)
	at play.api.mvc.DefaultSessionCookieBaker.decodeFromCookie(Session.scala:124)
	at play.api.mvc.request.DefaultRequestFactory$$anon$3.create(RequestFactory.scala:122)
	at play.api.mvc.request.DefaultRequestFactory$$anon$3.create(RequestFactory.scala:119)
	at play.api.mvc.request.LazyCell.value(Cell.scala:69)
	at play.api.mvc.RequestHeader.session(RequestHeader.scala:236)
	at play.api.mvc.RequestHeader.session$(RequestHeader.scala:236)
	at play.api.mvc.RequestHeaderImpl.session(RequestHeader.scala:357)
	at play.filters.csrf.CSRFActionHelper.getTokenToValidate(CSRFActions.scala:429)
	at play.filters.csrf.CSRFActionHelper.tagRequestFromHeader(CSRFActions.scala:441)
	at play.filters.csrf.CSRFAction.apply(CSRFActions.scala:61)
	at play.filters.csrf.CSRFAction.apply(CSRFActions.scala:43)
	at play.core.server.AkkaHttpServer.$anonfun$runAction$1(AkkaHttpServer.scala:425)
	at scala.concurrent.Future$.$anonfun$apply$1(Future.scala:653)
	at scala.util.Success.$anonfun$map$1(Try.scala:251)
	at scala.util.Success.map(Try.scala:209)
	at scala.concurrent.Future.$anonfun$map$1(Future.scala:287)
	at scala.concurrent.impl.Promise.liftedTree1$1(Promise.scala:29)
	at scala.concurrent.impl.Promise.$anonfun$transform$1(Promise.scala:29)
	at scala.concurrent.impl.CallbackRunnable.run(Promise.scala:60)
	at akka.dispatch.BatchingExecutor$AbstractBatch.processBatch(BatchingExecutor.scala:55)
	at akka.dispatch.BatchingExecutor$BlockableBatch.$anonfun$run$1(BatchingExecutor.scala:92)
	at scala.runtime.java8.JFunction0$mcV$sp.apply(JFunction0$mcV$sp.java:12)
	at scala.concurrent.BlockContext$.withBlockContext(BlockContext.scala:81)
	at akka.dispatch.BatchingExecutor$BlockableBatch.run(BatchingExecutor.scala:92)
	at akka.dispatch.TaskInvocation.run(AbstractDispatcher.scala:41)
	at akka.dispatch.ForkJoinExecutorConfigurator$AkkaForkJoinTask.exec(ForkJoinExecutorConfigurator.scala:49)
	at akka.dispatch.forkjoin.ForkJoinTask.doExec(ForkJoinTask.java:260)
	at akka.dispatch.forkjoin.ForkJoinPool$WorkQueue.runTask(ForkJoinPool.java:1339)
	at akka.dispatch.forkjoin.ForkJoinPool.runWorker(ForkJoinPool.java:1979)
	at akka.dispatch.forkjoin.ForkJoinWorkerThread.run(ForkJoinWorkerThread.java:107)
2021-03-23 13:15:13,101 [ERROR] from application in application-akka.actor.default-dispatcher-8 - 

! @7j6n5ni47 - Internal server error, for (GET) [/paperToMetadata?title=Straggler+Root-Cause+and+Impact+Analysis+for+Massive-scale+Virtualized+Cloud+Datacenters.] ->
 
play.api.http.HttpErrorHandlerExceptions$$anon$1: Execution exception[[CompletionException: play.shaded.ahc.org.asynchttpclient.exception.RemotelyClosedException: Remotely closed]]
	at play.api.http.HttpErrorHandlerExceptions$.throwableToUsefulException(HttpErrorHandler.scala:351)
	at play.api.http.DefaultHttpErrorHandler.onServerError(HttpErrorHandler.scala:267)
	at play.core.server.AkkaHttpServer$$anonfun$1.applyOrElse(AkkaHttpServer.scala:448)
	at play.core.server.AkkaHttpServer$$anonfun$1.applyOrElse(AkkaHttpServer.scala:446)
	at scala.concurrent.Future.$anonfun$recoverWith$1(Future.scala:412)
	at scala.concurrent.impl.Promise.$anonfun$transformWith$1(Promise.scala:37)
	at scala.concurrent.impl.CallbackRunnable.run(Promise.scala:60)
	at akka.dispatch.BatchingExecutor$AbstractBatch.processBatch(BatchingExecutor.scala:55)
	at akka.dispatch.BatchingExecutor$BlockableBatch.$anonfun$run$1(BatchingExecutor.scala:92)
	at scala.runtime.java8.JFunction0$mcV$sp.apply(JFunction0$mcV$sp.java:12)
	at scala.concurrent.BlockContext$.withBlockContext(BlockContext.scala:81)
	at akka.dispatch.BatchingExecutor$BlockableBatch.run(BatchingExecutor.scala:92)
	at akka.dispatch.TaskInvocation.run(AbstractDispatcher.scala:41)
	at akka.dispatch.ForkJoinExecutorConfigurator$AkkaForkJoinTask.exec(ForkJoinExecutorConfigurator.scala:49)
	at akka.dispatch.forkjoin.ForkJoinTask.doExec(ForkJoinTask.java:260)
	at akka.dispatch.forkjoin.ForkJoinPool$WorkQueue.runTask(ForkJoinPool.java:1339)
	at akka.dispatch.forkjoin.ForkJoinPool.runWorker(ForkJoinPool.java:1979)
	at akka.dispatch.forkjoin.ForkJoinWorkerThread.run(ForkJoinWorkerThread.java:107)
Caused by: java.util.concurrent.CompletionException: play.shaded.ahc.org.asynchttpclient.exception.RemotelyClosedException: Remotely closed
	at java.util.concurrent.CompletableFuture.encodeThrowable(CompletableFuture.java:292)
	at java.util.concurrent.CompletableFuture.completeThrowable(CompletableFuture.java:308)
	at java.util.concurrent.CompletableFuture.uniApply(CompletableFuture.java:607)
	at java.util.concurrent.CompletableFuture$UniApply.tryFire(CompletableFuture.java:591)
	at java.util.concurrent.CompletableFuture.postComplete(CompletableFuture.java:488)
	at java.util.concurrent.CompletableFuture.completeExceptionally(CompletableFuture.java:1990)
	at scala.concurrent.java8.FuturesConvertersImpl$CF.apply(FutureConvertersImpl.scala:21)
	at scala.concurrent.java8.FuturesConvertersImpl$CF.apply(FutureConvertersImpl.scala:18)
	at scala.concurrent.impl.CallbackRunnable.run(Promise.scala:60)
	at scala.concurrent.BatchingExecutor$Batch.processBatch$1(BatchingExecutor.scala:63)
	at scala.concurrent.BatchingExecutor$Batch.$anonfun$run$1(BatchingExecutor.scala:78)
	at scala.runtime.java8.JFunction0$mcV$sp.apply(JFunction0$mcV$sp.java:12)
	at scala.concurrent.BlockContext$.withBlockContext(BlockContext.scala:81)
	at scala.concurrent.BatchingExecutor$Batch.run(BatchingExecutor.scala:55)
	at scala.concurrent.Future$InternalCallbackExecutor$.unbatchedExecute(Future.scala:864)
	at scala.concurrent.BatchingExecutor.execute(BatchingExecutor.scala:106)
	at scala.concurrent.BatchingExecutor.execute$(BatchingExecutor.scala:103)
	at scala.concurrent.Future$InternalCallbackExecutor$.execute(Future.scala:862)
	at scala.concurrent.impl.CallbackRunnable.executeWithValue(Promise.scala:68)
	at scala.concurrent.impl.Promise$DefaultPromise.$anonfun$tryComplete$1(Promise.scala:284)
	at scala.concurrent.impl.Promise$DefaultPromise.$anonfun$tryComplete$1$adapted(Promise.scala:284)
	at scala.concurrent.impl.Promise$DefaultPromise.tryComplete(Promise.scala:284)
	at scala.concurrent.Promise.complete(Promise.scala:49)
	at scala.concurrent.Promise.complete$(Promise.scala:48)
	at scala.concurrent.impl.Promise$DefaultPromise.complete(Promise.scala:183)
	at scala.concurrent.Promise.failure(Promise.scala:100)
	at scala.concurrent.Promise.failure$(Promise.scala:100)
	at scala.concurrent.impl.Promise$DefaultPromise.failure(Promise.scala:183)
	at play.libs.ws.ahc.StandaloneAhcWSClient$ResponseAsyncCompletionHandler.onThrowable(StandaloneAhcWSClient.java:227)
	at play.shaded.ahc.org.asynchttpclient.netty.NettyResponseFuture.abort(NettyResponseFuture.java:278)
	at play.shaded.ahc.org.asynchttpclient.netty.request.NettyRequestSender.abort(NettyRequestSender.java:473)
	at play.shaded.ahc.org.asynchttpclient.netty.request.NettyRequestSender.handleUnexpectedClosedChannel(NettyRequestSender.java:484)
	at play.shaded.ahc.org.asynchttpclient.netty.handler.AsyncHttpClientHandler.channelInactive(AsyncHttpClientHandler.java:145)
	at play.shaded.ahc.io.netty.channel.AbstractChannelHandlerContext.invokeChannelInactive(AbstractChannelHandlerContext.java:245)
	at play.shaded.ahc.io.netty.channel.AbstractChannelHandlerContext.invokeChannelInactive(AbstractChannelHandlerContext.java:231)
	at play.shaded.ahc.io.netty.channel.AbstractChannelHandlerContext.fireChannelInactive(AbstractChannelHandlerContext.java:224)
	at play.shaded.ahc.io.netty.handler.stream.ChunkedWriteHandler.channelInactive(ChunkedWriteHandler.java:141)
	at play.shaded.ahc.io.netty.channel.AbstractChannelHandlerContext.invokeChannelInactive(AbstractChannelHandlerContext.java:245)
	at play.shaded.ahc.io.netty.channel.AbstractChannelHandlerContext.invokeChannelInactive(AbstractChannelHandlerContext.java:231)
	at play.shaded.ahc.io.netty.channel.AbstractChannelHandlerContext.fireChannelInactive(AbstractChannelHandlerContext.java:224)
	at play.shaded.ahc.io.netty.channel.ChannelInboundHandlerAdapter.channelInactive(ChannelInboundHandlerAdapter.java:75)
	at play.shaded.ahc.io.netty.handler.codec.http.HttpContentDecoder.channelInactive(HttpContentDecoder.java:205)
	at play.shaded.ahc.io.netty.channel.AbstractChannelHandlerContext.invokeChannelInactive(AbstractChannelHandlerContext.java:245)
	at play.shaded.ahc.io.netty.channel.AbstractChannelHandlerContext.invokeChannelInactive(AbstractChannelHandlerContext.java:231)
	at play.shaded.ahc.io.netty.channel.AbstractChannelHandlerContext.fireChannelInactive(AbstractChannelHandlerContext.java:224)
	at play.shaded.ahc.io.netty.channel.CombinedChannelDuplexHandler$DelegatingChannelHandlerContext.fireChannelInactive(CombinedChannelDuplexHandler.java:420)
	at play.shaded.ahc.io.netty.handler.codec.ByteToMessageDecoder.channelInputClosed(ByteToMessageDecoder.java:390)
	at play.shaded.ahc.io.netty.handler.codec.ByteToMessageDecoder.channelInactive(ByteToMessageDecoder.java:355)
	at play.shaded.ahc.io.netty.handler.codec.http.HttpClientCodec$Decoder.channelInactive(HttpClientCodec.java:282)
	at play.shaded.ahc.io.netty.channel.CombinedChannelDuplexHandler.channelInactive(CombinedChannelDuplexHandler.java:223)
	at play.shaded.ahc.io.netty.channel.AbstractChannelHandlerContext.invokeChannelInactive(AbstractChannelHandlerContext.java:245)
	at play.shaded.ahc.io.netty.channel.AbstractChannelHandlerContext.invokeChannelInactive(AbstractChannelHandlerContext.java:231)
	at play.shaded.ahc.io.netty.channel.AbstractChannelHandlerContext.fireChannelInactive(AbstractChannelHandlerContext.java:224)
	at play.shaded.ahc.io.netty.channel.DefaultChannelPipeline$HeadContext.channelInactive(DefaultChannelPipeline.java:1429)
	at play.shaded.ahc.io.netty.channel.AbstractChannelHandlerContext.invokeChannelInactive(AbstractChannelHandlerContext.java:245)
	at play.shaded.ahc.io.netty.channel.AbstractChannelHandlerContext.invokeChannelInactive(AbstractChannelHandlerContext.java:231)
	at play.shaded.ahc.io.netty.channel.DefaultChannelPipeline.fireChannelInactive(DefaultChannelPipeline.java:947)
	at play.shaded.ahc.io.netty.channel.AbstractChannel$AbstractUnsafe$8.run(AbstractChannel.java:822)
	at play.shaded.ahc.io.netty.util.concurrent.AbstractEventExecutor.safeExecute(AbstractEventExecutor.java:163)
	at play.shaded.ahc.io.netty.util.concurrent.SingleThreadEventExecutor.runAllTasks(SingleThreadEventExecutor.java:404)
	at play.shaded.ahc.io.netty.channel.nio.NioEventLoop.run(NioEventLoop.java:462)
	at play.shaded.ahc.io.netty.util.concurrent.SingleThreadEventExecutor$5.run(SingleThreadEventExecutor.java:897)
	at play.shaded.ahc.io.netty.util.concurrent.FastThreadLocalRunnable.run(FastThreadLocalRunnable.java:30)
	at java.lang.Thread.run(Thread.java:748)
Caused by: play.shaded.ahc.org.asynchttpclient.exception.RemotelyClosedException: Remotely closed
	at play.shaded.ahc.org.asynchttpclient.exception.RemotelyClosedException.INSTANCE(Unknown Source)
